    0         211      261.88      1.9087      49.609           0    -0.10841    -0.93021     0.35064           0         0.2           0           0           0
    1         211      481.58      1.9087      49.609           0     0.12858     0.76296     0.63353           0         0.2           0           0           0
    2        -211      329.19      1.9087      49.609           0   -0.051494     0.56683    -0.82222           0         0.2           0           0           0
    3         111      238.87      1.9087      49.609           0   -0.058911     -0.8385      0.5417           0         0.2           0           0           0
    4  1000050110        5.77      1.9087      49.609           0    0.019592    -0.20333    -0.97891           0         0.2           0           0           0
    5         111       96.51     -19.236     -15.282           0     0.33853      0.9169    -0.21141           0     0.16667           0           0           0
    6         111      236.72     -19.236     -15.282           0     -0.5736     0.72452     0.38217           0     0.16667           0           0           0
    7          22      466.82     -19.236     -15.282           0      0.8609    -0.46695     0.20201           0     0.16667           0           0           0
    8         211      379.42     -19.236     -15.282           0    -0.94593    -0.12831     -0.2979           0     0.16667           0           0           0
    9         111      132.38     -19.236     -15.282           0     0.91499    -0.29648     0.27367           0     0.16667           0           0           0
   10  1000050110         0.8     -19.236     -15.282           0   -0.050048    -0.59824    -0.79975           0     0.16667           0           0           0
   11         111      572.17      3.6169     -19.781           0     -0.1988     0.83743     0.50911           0       0.125           0           0           0
   12         111       82.04      3.6169     -19.781           0     0.75571    -0.65481    0.011025           0       0.125           0           0           0
   13         211        69.7      3.6169     -19.781           0    -0.64866     0.71989     0.24699           0       0.125           0           0           0
   14        -211      361.69      3.6169     -19.781           0    0.075411    -0.55339     -0.8295           0       0.125           0           0           0
   15         111        9.35      3.6169     -19.781           0     0.64276    -0.50322      0.5776           0       0.125           0           0           0
   16        2212       62.55      3.6169     -19.781           0    0.035431    -0.97877     0.20185           0       0.125           0           0           0
   17  1000020040        3.32      3.6169     -19.781           0     0.33185    -0.42569    -0.84182           0       0.125           0           0           0
   18  1000030060        1.38      3.6169     -19.781           0    -0.19876     0.93514     0.29329           0       0.125           0           0           0
   19         211      170.69      20.339      40.213           0     0.34331    -0.45371     0.82237           0     0.11111           0           0           0
   20        -211       80.89      20.339      40.213           0    -0.86363    -0.48256     0.14585           0     0.11111           0           0           0
   21         111      474.03      20.339      40.213           0     -0.1774     0.49473     0.85075           0     0.11111           0           0           0
   22        2112      215.84      20.339      40.213           0     0.18703    -0.96343    -0.19189           0     0.11111           0           0           0
   23        2212      114.92      20.339      40.213           0    -0.33637     0.92898    -0.15442           0     0.11111           0           0           0
   24         211      160.03      20.339      40.213           0   -0.096358      0.4423    -0.89168           0     0.11111           0           0           0
   25        2112       32.65      20.339      40.213           0    0.091478     0.97861     0.18428           0     0.11111           0           0           0
   26        2212       32.77      20.339      40.213           0    -0.25017    -0.60723    -0.75411           0     0.11111           0           0           0
   27  1000030070        8.21      20.339      40.213           0     0.78864     -0.2858    -0.54439           0     0.11111           0           0           0
   28         211      170.69     -38.437      3.7324           0      0.6717    -0.66294    -0.33066           0     0.16667           0           0           0
   29         211      321.52     -38.437      3.7324           0     0.15385     0.93047     0.33249           0     0.16667           0           0           0
   30        -211      131.87     -38.437      3.7324           0     -0.3343    -0.94129   -0.047028           0     0.16667           0           0           0
   31        -211      327.19     -38.437      3.7324           0    -0.40234      -0.741     0.53762           0     0.16667           0           0           0
   32         111      221.14     -38.437      3.7324           0      0.2456     0.92391    -0.29339           0     0.16667           0           0           0
   33  1000060110        1.98     -38.437      3.7324           0    -0.38819    0.082874    -0.91784           0     0.16667           0           0           0
   34         211      955.55       32.78      20.025           0     0.61129    -0.24564     0.75232           0         0.1           0           0           0
   35        2112       69.22       32.78      20.025           0    -0.88667     0.41084     0.21221           0         0.1           0           0           0
   36        2212       42.74       32.78      20.025           0     -0.7009     0.62834    -0.33753           0         0.1           0           0           0
   37        2212      186.77       32.78      20.025           0     0.83021    -0.44754    -0.33235           0         0.1           0           0           0
   38         111       32.47       32.78      20.025           0     -0.1239     0.73309    -0.66875           0         0.1           0           0           0
   39        2212       10.02       32.78      20.025           0    -0.59734     0.79874   -0.072097           0         0.1           0           0           0
   40        -211       73.96       32.78      20.025           0     0.14605    -0.94563     0.29061           0         0.1           0           0           0
   41        -211       17.55       32.78      20.025           0     -0.4773    -0.80695    -0.34787           0         0.1           0           0           0
   42  1000020040       73.24       32.78      20.025           0    -0.66456     0.38357    -0.64127           0         0.1           0           0           0
   43        2112        6.52       32.78      20.025           0     0.30534     0.95163    0.034167           0         0.1           0           0           0
   44         211      272.56     -6.0704     -12.676           0     -0.4075     0.55922     0.72195           0    0.083333           0           0           0
   45        -211       167.6     -6.0704     -12.676           0    -0.43831    -0.34879     0.82839           0    0.083333           0           0           0
   46         211       97.61     -6.0704     -12.676           0    -0.64517    -0.65351    -0.39582           0    0.083333           0           0           0
   47        -211       40.95     -6.0704     -12.676           0     0.28342    -0.72996    -0.62196           0    0.083333           0           0           0
   48         111       43.52     -6.0704     -12.676           0     0.45535    -0.25932     0.85171           0    0.083333           0           0           0
   49        2112      192.02     -6.0704     -12.676           0     0.19544     0.42302    -0.88479           0    0.083333           0           0           0
   50        2212       10.95     -6.0704     -12.676           0     0.16847      0.8359     0.52238           0    0.083333           0           0           0
   51        2212      137.18     -6.0704     -12.676           0     0.89578     -0.4386    0.072182           0    0.083333           0           0           0
   52        2212      123.77     -6.0704     -12.676           0    -0.93644    -0.15878    -0.31284           0    0.083333           0           0           0
   53        2212        15.9     -6.0704     -12.676           0    -0.97796     0.18874   -0.089266           0    0.083333           0           0           0
   54  1000020040       31.07     -6.0704     -12.676           0     0.90623    -0.22697      0.3567           0    0.083333           0           0           0
   55        2112        6.49     -6.0704     -12.676           0    -0.31563     0.94436   -0.092529           0    0.083333           0           0           0
   56         211      159.14     -38.198      2.1852           0    -0.45628    -0.67686     0.57764           0     0.16667           0           0           0
   57         211       22.77     -38.198      2.1852           0    -0.16848    -0.88636    -0.43126           0     0.16667           0           0           0
   58        -211        62.3     -38.198      2.1852           0     0.27857     0.69752      0.6602           0     0.16667           0           0           0
   59         111      554.17     -38.198      2.1852           0     0.95079     0.30271   -0.066157           0     0.16667           0           0           0
   60         111      365.99     -38.198      2.1852           0    -0.95992    -0.12298     0.25185           0     0.16667           0           0           0
   61  1000050110        4.44     -38.198      2.1852           0    -0.28284    0.015369    -0.95904           0     0.16667           0           0           0
   62        -211      328.45     -14.592    -0.75328           0    -0.73161    0.078359     0.67721           0    0.090909           0           0           0
   63         211      340.67     -14.592    -0.75328           0     0.94615    0.052693    -0.31942           0    0.090909           0           0           0
   64         111      200.31     -14.592    -0.75328           0    -0.61885    -0.68762     0.37974           0    0.090909           0           0           0
   65         111       70.12     -14.592    -0.75328           0    -0.25477     0.17168     0.95164           0    0.090909           0           0           0
   66        2212       24.27     -14.592    -0.75328           0     0.26276     0.81213     0.52096           0    0.090909           0           0           0
   67        2112       81.96     -14.592    -0.75328           0     0.54976    0.090596     -0.8304           0    0.090909           0           0           0
   68        -211       94.24     -14.592    -0.75328           0     0.87978     0.47291     0.04835           0    0.090909           0           0           0
   69        2212       16.56     -14.592    -0.75328           0    -0.85229    -0.14094    -0.50372           0    0.090909           0           0           0
   70        2212        2.11     -14.592    -0.75328           0     -0.7239    -0.52372     -0.4491           0    0.090909           0           0           0
   71  1000020030        2.53     -14.592    -0.75328           0     0.22424    0.078569    -0.97136           0    0.090909           0           0           0
   72  1000020040        5.03     -14.592    -0.75328           0    -0.76114     -0.6374     0.11998           0    0.090909           0           0           0
   73         211      795.09     -36.117      -20.61           0     0.32959    -0.61625     0.71526           0        0.25           0           0           0
   74          22       93.57     -36.117      -20.61           0     0.64584    -0.17698     0.74267           0        0.25           0           0           0
   75          22      844.09     -36.117      -20.61           0     -0.4855     0.56707    -0.66537           0        0.25           0           0           0
   76  1000050110        2.04     -36.117      -20.61           0     0.21744     0.52411    -0.82343           0        0.25           0           0           0
   77         211      295.51     -19.498       -41.8           0     0.76334    0.065907     0.64263           0    0.076923           0           0           0
   78          22      411.37     -19.498       -41.8           0     -0.8716    -0.29244     0.39344           0    0.076923           0           0           0
   79          22      206.36     -19.498       -41.8           0     0.56096     0.81929    -0.11872           0    0.076923           0           0           0
   80         111      142.31     -19.498       -41.8           0     0.54505     -0.6731     0.49986           0    0.076923           0           0           0
   81         111        27.5     -19.498       -41.8           0     0.76148    -0.44168     0.47441           0    0.076923           0           0           0
   82        2112      107.31     -19.498       -41.8           0     0.17718     -0.9756    -0.12965           0    0.076923           0           0           0
   83        2112       68.89     -19.498       -41.8           0     0.56164     0.57611     0.59385           0    0.076923           0           0           0
   84        2112         7.4     -19.498       -41.8           0    -0.27997   -0.049511    -0.95873           0    0.076923           0           0           0
   85        2212       68.57     -19.498       -41.8           0     0.41489     0.81176    -0.41098           0    0.076923           0           0           0
   86        2112       40.74     -19.498       -41.8           0    -0.15932    -0.55661     0.81535           0    0.076923           0           0           0
   87        2212       69.69     -19.498       -41.8           0    -0.54709    -0.32585    -0.77105           0    0.076923           0           0           0
   88        2212       13.82     -19.498       -41.8           0    -0.18871     0.79581    -0.57539           0    0.076923           0           0           0
   89  1000020040       42.01     -19.498       -41.8           0    -0.72371     0.40207    -0.56088           0    0.076923           0           0           0
   90         111      111.37      13.064     -23.034           0      0.1298    -0.99154  0.00019159           0     0.11111           0           0           0
   91         211      285.48      13.064     -23.034           0      0.7316     0.68135   -0.022599           0     0.11111           0           0           0
   92        -211      342.38      13.064     -23.034           0    0.048396    -0.62576     0.77851           0     0.11111           0           0           0
   93         111      280.01      13.064     -23.034           0    -0.96944     0.20778     0.13046           0     0.11111           0           0           0
   94         211       97.08      13.064     -23.034           0    -0.21146    -0.12549      0.9693           0     0.11111           0           0           0
   95        2112       36.37      13.064     -23.034           0     0.70188      0.3099    -0.64135           0     0.11111           0           0           0
   96        2112        1.25      13.064     -23.034           0    -0.84914    0.010517     0.52806           0     0.11111           0           0           0
   97  1000020040        5.47      13.064     -23.034           0    -0.39203     0.37847    -0.83849           0     0.11111           0           0           0
   98  1000020040       10.82      13.064     -23.034           0     0.11814    0.015241    -0.99288           0     0.11111           0           0           0
   99         211      201.11     -26.911      6.6004           0    -0.36215     0.81152     0.45856           0     0.16667           0           0           0
