Opened MCPL file cross_photon_eng_RAD_BIN_PHOTONS_dmp.mcpl:

  Basic info
    Format             : MCPL-3
    No. of particles   : 715
    Header storage     : 124 bytes
    Data storage       : 34320 bytes

  Custom meta data
    Source             : "PHITS"
    Number of comments : 1
          -> comment 0 : "Converted from PHITS with phits2mcpl (from MCPL release v1.3.2)"
    Number of blobs    : 0

  Particle data format
    User flags         : no
    Polarisation info  : yes
    Fixed part. type   : no
    Fixed part. weight : no
    FP precision       : single
    Endianness         : little
    Storage            : 48 bytes/particle

index     pdgcode   ekin[MeV]       x[cm]       y[cm]       z[cm]          ux          uy          uz    time[ms]      weight       pol-x       pol-y       pol-z
    0          22       4.947      37.751      5.7337       -0.01    -0.59585     0.24732    -0.76406      872.66      2.1747           0           0           0
    1          22       4.947     -11.863     -27.005       -0.01     0.81554    -0.24301     -0.5252      953.37     0.38286           0           0           0
    2          22       4.947     -3.3993     -11.817  9.1591e-10     0.39869    0.046426     0.91591       995.6   0.0062421           0           0           0
    3          22       4.947     -3.6996     -13.393  2.4157e-10    -0.54041    -0.80598     0.24157      908.94      7.4364           0           0           0
    4          22      1.2625     0.77165     -45.584  4.1416e-10     0.58569    -0.69673     0.41416      452.89      277.88           0           0           0
    5          22      3.6845     0.78163     -45.573  1.0795e-10     0.81488     0.56949     0.10795      452.89      277.72           0           0           0
    6          22       4.947      -41.28      18.464  7.1571e-10     0.57573    -0.39534     0.71571      927.51       57.27           0           0           0
    7          22      1.2625      -25.41      15.663       -0.01    -0.73199    0.045969    -0.67977      470.82     0.23166           0           0           0
    8          22      3.6845     -25.399      15.663  8.4191e-10    -0.29168       0.454     0.84191      470.82     0.23207           0           0           0
    9          22      1.2625     -46.253      7.8004       -0.01    -0.59702    -0.36598    -0.71388      367.48      5.8721           0           0           0
